Log file open, 04/01/15 00:43:49
LogInit:Display: Running engine for game: FighterProject
LogInit: Version: 4.7.3-2479750+++depot+UE4-Releases+4.7
LogInit: API Version: 2455222
LogInit: Compiled (64-bit): Mar 15 2015 23:20:45
LogInit: Compiled with Visual C++: 18.00.21005.01
LogInit: Build Configuration: Development
LogInit: Branch Name: ++depot+UE4-Releases+4.7
LogInit: Command line:  
LogInit: Base directory: C:/Program Files/Unreal Engine/4.7/Engine/Binaries/Win64/
LogInit: Rocket: 1
[2015.04.01-03.43.49:541][  0]LogTaskGraph: Started task graph with 3 named threads and 6 total threads.
[2015.04.01-03.43.49:591][  0]LogOnline:Warning: No default platform service specified for OnlineSubsystem
[2015.04.01-03.43.49:603][  0]LogInit: Presizing for 0 objects not considered by GC, pre-allocating 0 bytes.
[2015.04.01-03.43.49:611][  0]LogInit: Object subsystem initialized
[2015.04.01-03.43.49:613][  0]LogConsoleResponse:Warning: Skipping Unknown console variable: 'TranslucentSortAxis = (X=0.000000,Y=-1.000000,Z=0.000000)'
[2015.04.01-03.43.49:613][  0]LogConsoleResponse:Warning:   Found in ini file 'C:/Users/Bruno/Documents/Unreal Projects/FighterProject/Saved/Config/Windows/Engine.ini', in section '[/Script/Engine.RendererSettings]'
[2015.04.01-03.43.49:613][  0]LogConsoleResponse:Warning: Skipping Unknown console variable: 'UIScaleRule = ShortestSide'
[2015.04.01-03.43.49:613][  0]LogConsoleResponse:Warning:   Found in ini file 'C:/Users/Bruno/Documents/Unreal Projects/FighterProject/Saved/Config/Windows/Engine.ini', in section '[/Script/Engine.RendererSettings]'
[2015.04.01-03.43.49:613][  0]LogConsoleResponse:Warning: Skipping Unknown console variable: 'UIScaleCurve = (EditorCurveData=(Keys=),ExternalCurve=None)'
[2015.04.01-03.43.49:613][  0]LogConsoleResponse:Warning:   Found in ini file 'C:/Users/Bruno/Documents/Unreal Projects/FighterProject/Saved/Config/Windows/Engine.ini', in section '[/Script/Engine.RendererSettings]'
[2015.04.01-03.43.49:613][  0]LogInit: Selected Device Profile: [Windows]
[2015.04.01-03.43.49:613][  0]LogInit: Applying CVar settings loaded from the selected device profile: [Windows]
[2015.04.01-03.43.49:619][  0]LogInit: Computer: BRUNO-PC
[2015.04.01-03.43.49:619][  0]LogInit: User: Bruno
[2015.04.01-03.43.49:619][  0]LogInit: CPU Page size=4096, Cores=4
[2015.04.01-03.43.49:619][  0]LogInit: High frequency timer resolution =3.312666 MHz
[2015.04.01-03.43.49:619][  0]LogMemory: Memory total: Physical=15.9GB (16GB approx) Virtual=8192.0GB
[2015.04.01-03.43.49:619][  0]LogMemory: Platform Memory Stats for Windows
[2015.04.01-03.43.49:619][  0]LogMemory: Process Physical Memory: 48.61 MB used, 48.61 MB peak
[2015.04.01-03.43.49:619][  0]LogMemory: Process Virtual Memory: 28.50 MB used, 28.50 MB peak
[2015.04.01-03.43.49:619][  0]LogMemory: Physical Memory: 6107.91 MB used, 16262.97 MB total
[2015.04.01-03.43.49:619][  0]LogMemory: Virtual Memory: 281.82 MB used, 8388608.00 MB total
[2015.04.01-03.43.49:648][  0]LogD3D11RHI: Found D3D11 adapter 0: NVIDIA GeForce GTX 770 (Feature Level 11_0)
[2015.04.01-03.43.49:648][  0]LogD3D11RHI: Adapter has 1990MB of dedicated video memory, 0MB of dedicated system memory, and 2048MB of shared system memory, 2 output[s]
[2015.04.01-03.43.49:648][  0]LogD3D11RHI: Chosen D3D11 Adapter Id = 0
[2015.04.01-03.43.49:654][  0]LogRHI: Texture pool is 1361 MB (70% of 1945 MB)
[2015.04.01-03.43.49:661][  0]LogD3D11RHI: Async texture creation enabled
[2015.04.01-03.43.49:710][  0]LogTextLocalizationManager: The requested culture ('en_US') has no localization data; parent culture's ('pt_BR') localization data will be used.
[2015.04.01-03.43.49:785][  0]LogTextLocalizationManager:Warning: Loading localization resources contain conflicting entries for (Namespace:UICommands, Key:Save_ToolTip):
Resource: (C:/Program Files/Unreal Engine/4.7/Engine/Content/Localization/Editor/en/Editor.locres) Hash: (-29098895) String: (Saves the current level to disk)
Resource: (C:/Program Files/Unreal Engine/4.7/Engine/Content/Localization/Engine/en/Engine.locres) Hash: (-1280300587) String: (Save selected data to vlog file)
[2015.04.01-03.43.49:785][  0]LogTextLocalizationManager:Warning: Loading localization resources contain conflicting entries for (Namespace:ContentBrowser, Key:ImportAssetToolTip):
Resource: (C:/Program Files/Unreal Engine/4.7/Engine/Content/Localization/Editor/en/Editor.locres) Hash: (-630476809) String: (Import to {0}...)
Resource: (C:/Program Files/Unreal Engine/4.7/Engine/Content/Localization/Editor/en/Editor.locres) Hash: (1271782899) String: (Imports an asset from file to this folder.)
[2015.04.01-03.43.49:861][  0]LogContentStreaming: Texture pool size is 0.000000MB
[2015.04.01-03.43.52:143][  0]LogTargetPlatformManager:Display: Building Assets For Windows
[2015.04.01-03.43.52:617][  0]LogTargetPlatformManager:Display: Building Assets For Windows
[2015.04.01-03.43.52:668][  0]LogDerivedDataCache:Display: Max Cache Size: 512 MB
[2015.04.01-03.43.52:703][  0]LogDerivedDataCache: Loaded boot cache 0.03s 39MB C:/Users/Bruno/AppData/Local/UnrealEngine/4.7/DerivedDataCache/Boot.ddc.
[2015.04.01-03.43.52:703][  0]LogDerivedDataCache:Display: Loaded Boot cache: C:/Users/Bruno/AppData/Local/UnrealEngine/4.7/DerivedDataCache/Boot.ddc
[2015.04.01-03.43.52:704][  0]LogDerivedDataCache: FDerivedDataBackendGraph:  Pak pak cache file ../../../../../../Users/Bruno/Documents/Unreal Projects/FighterProject/DerivedDataCache/DDC.ddp not found, will not use a pak cache.
[2015.04.01-03.43.52:704][  0]LogDerivedDataCache: Unable to find inner node Pak for hierarchical cache Hierarchy.
[2015.04.01-03.43.52:813][  0]LogDerivedDataCache:Display: Pak cache opened for reading ../../../Engine/DerivedDataCache/Compressed.ddp.
[2015.04.01-03.43.52:824][  0]LogDerivedDataCache: Using Local data cache path C:/Users/Bruno/AppData/Local/UnrealEngine/Common/DerivedDataCache: Writable
[2015.04.01-03.43.53:079][  0]LogMeshUtilities: No automatic mesh reduction module available
[2015.04.01-03.43.53:079][  0]LogMeshUtilities: No automatic mesh merging module available
[2015.04.01-03.43.53:383][  0]LogInit: WinSock: version 1.1 (2.2), MaxSocks=32767, MaxUdp=65467
[2015.04.01-03.43.53:453][  0]LogSlate:Warning: Failed to load font data from '../../../Engine/Content/Slate/Fonts/Roboto-Italic.ttf'
[2015.04.01-03.43.54:134][  0]UdpMessaging: Initializing bridge on interface 0.0.0.0:0 to multicast group 230.0.0.1:6666.
[2015.04.01-03.43.54:316][  0]SourceControl: Info Source control is disabled
[2015.04.01-03.43.54:316][  0]SourceControl: Info Source control is disabled
[2015.04.01-03.43.54:316][  0]SourceControl: Info Source control is disabled
[2015.04.01-03.43.54:316][  0]LogSourceControl: RunCommandInternalRaw: 'git version'
[2015.04.01-03.43.54:316][  0]LogSourceControl: RunCommandInternalRaw: ExecProcess ReturnCode=2 OutResults=''
[2015.04.01-03.43.54:323][  0]SourceControl: Info Source control is disabled
[2015.04.01-03.43.54:486][  0]LogObj: 24231 objects as part of root set at end of initial load.
[2015.04.01-03.43.54:486][  0]LogUObjectAllocator: 5136440 out of 0 bytes used by permanent object pool.
[2015.04.01-03.43.54:553][  0]LogEngine: Initializing Engine...
[2015.04.01-03.43.57:677][  0]LogInit: XAudio2 using 'Alto-falantes (Realtek High Definition Audio)' : 2 channels at 48 kHz using 32 bits per sample (channel mask 0x3)
[2015.04.01-03.43.57:687][  0]LogInit: FAudioDevice initialized.
[2015.04.01-03.43.57:719][  0]LogAIModule: Creating AISystem for world NewWorld
[2015.04.01-03.43.57:747][  0]LogDerivedDataCache: Saved boot cache 0.03s 39MB C:/Users/Bruno/AppData/Local/UnrealEngine/4.7/DerivedDataCache/Boot.ddc.
[2015.04.01-03.43.57:750][  0]LogInit: Texture streaming: Enabled
[2015.04.01-03.43.57:823][  0]LogAnalytics: Creating configured Analytics provider AnalyticsET
[2015.04.01-03.43.57:823][  0]LogAnalytics: ET APIKey = Rocket.Release. APIServer = http://et2.epicgames.com/ET2/. AppVersion = 4.7.3-2479750+++depot+UE4-Releases+4.7
[2015.04.01-03.43.57:823][  0]LogAnalytics: ET APIKey = Rocket.Release. DataRouterUploadURL = https://datarouter-public-service-gamedev.ol.epicgames.net/datarouter/api/v1/public/data. AppVersion = 4.7.3-2479750+++depot+UE4-Releases+4.7
[2015.04.01-03.43.57:823][  0]LogAnalytics: SetUserId acd8ed234fcb56630d3f28a2a31c39dd|9826571e5dd34172bc2638f79d36494f|bcdcb8cb-aa26-46bf-9eeb-1e4b92bf067d
[2015.04.01-03.43.57:823][  0]LogAnalytics: AnalyticsET::StartSession [Rocket.Release]
[2015.04.01-03.43.57:858][  0]LogInit: Transaction tracking system initialized
[2015.04.01-03.43.58:009][  0]BlueprintLog: New page: Editor Load
[2015.04.01-03.43.58:043][  0]LogAssetRegistry: FAssetRegistry took 0.0102 seconds to start up
[2015.04.01-03.43.58:043][  0]LogDirectoryWatcher:Warning: Failed to begin reading directory changes for ../../../Engine/Plugins/Experimental/CharacterAI/Content/. Error: 0
[2015.04.01-03.43.58:538][  0]LogTargetPlatformManager:Display: Building Assets For Windows
[2015.04.01-03.43.58:948][  0]LogTargetPlatformManager:Display: Building Assets For Windows
[2015.04.01-03.43.59:189][  0]LogSlate:Warning: Failed to load font data from '../../../Engine/Content/Editor/Slate/Fonts/Roboto-Regular.ttf'
[2015.04.01-03.43.59:190][  0]LogSlate:Warning: Failed to load font data from '../../../Engine/Content/Editor/Slate/Fonts/Roboto-Bold.ttf'
[2015.04.01-03.43.59:194][  0]LogConsoleResponse:Display: 
[2015.04.01-03.43.59:308][  0]LogCook:Display: Done creating registry. It took  0.00s.
[2015.04.01-03.43.59:437][  0]SourceControl: Info Source control is disabled
[2015.04.01-03.43.59:437][  0]Cmd: MAP LOAD FILE="../../../../../../Users/Bruno/Documents/Unreal Projects/FighterProject/Content/SideScrollerBP/Maps/SideScrollerExampleMap.umap" TEMPLATE=0 SHOWPROGRESS=1 FEATURELEVEL=3
[2015.04.01-03.43.59:438][  0]LightingResults: New page: Lighting Build
[2015.04.01-03.43.59:449][  0]MapCheck: New page: Map Check
[2015.04.01-03.43.59:449][  0]LightingResults: New page: Lighting Build
[2015.04.01-03.43.59:457][  0]LogParticles: Destroying 0 GPU particle simulations for FXSystem 0x0000000013A3E520
[2015.04.01-03.44.00:307][  0]LogEditorServer: Finished looking for orphan Actors (0.000 secs)
[2015.04.01-03.44.01:148][  0]LogAIModule: Creating AISystem for world SideScrollerExampleMap
[2015.04.01-03.44.01:148][  0]Cmd: MAP CHECKDEP
[2015.04.01-03.44.01:148][  0]MapCheck: New page: SideScrollerExampleMap - Mar 31, 2015, 9:44:01 PM
[2015.04.01-03.44.01:219][  0]MapCheck: Info Map check complete: 0 Error(s), 0 Warning(s), took 70.924ms to complete.
[2015.04.01-03.44.01:219][  0]LogFileHelpers: Loading map 'SideScrollerExampleMap' took 1.782
[2015.04.01-03.44.01:367][  0]LogCollectionManager: Loaded 0 collections in 0.001351 seconds
[2015.04.01-03.44.01:377][  0]LogContentBrowser: Native class hierarchy populated in 0.0101 seconds. Added 1696 classes and 261 folders.
[2015.04.01-03.44.01:408][  0]LogContentBrowser: Native class hierarchy updated for 'SceneOutliner' in 0.0015 seconds. Added 1 classes and 2 folders.
[2015.04.01-03.44.01:450][  0]LogCrashTracker: Crashtracker disabled due to settings.
[2015.04.01-03.44.01:451][  0]LogSlate:Warning: Failed to load font data from 'Veranda'
[2015.04.01-03.44.01:457][  0]LogUObjectGlobals:Warning: Failed to find object 'Class None.'
[2015.04.01-03.44.01:482][  0]LogLoad: Full Startup: 13.86 seconds (BP compile: 0.31 seconds)
[2015.04.01-03.44.01:880][  0]LogContentBrowser:Verbose: The content browser source was changed by the sources view to '/Game/SideScrollerBP'
[2015.04.01-03.44.02:022][  0]LogRenderer:Warning: Reallocating scene render targets to support 1208x656 (Frame:2).
[2015.04.01-03.44.03:160][  4]LogAssetRegistry: Asset discovery search completed in 5.1279 seconds
[2015.04.01-03.44.39:935][658]LogSourceControl: RunCommandInternalRaw: 'git version'
[2015.04.01-03.44.40:073][658]LogSourceControl: RunCommandInternalRaw: ExecProcess ReturnCode=0 OutResults='git version 1.9.5.msysgit.1
'
[2015.04.01-03.44.44:650][176]SourceControl:Error: Error You should check out a working copy into your project directory.
[2015.04.01-03.44.44:650][176]SourceControl:Error: Error Project is not part of a Git working copy.
[2015.04.01-03.52.58:109][649]SourceControl:Error: Error You should check out a working copy into your project directory.
[2015.04.01-03.52.58:110][649]SourceControl:Error: Error Project is not part of a Git working copy.
[2015.04.01-03.53.01:797][ 55]SourceControl: Info Source control is disabled
[2015.04.01-03.53.04:223][288]Cmd: QUIT_EDITOR
[2015.04.01-03.53.04:426][288]LogExit: Preparing to exit.
[2015.04.01-03.53.05:238][288]LogExit: Editor shut down
[2015.04.01-03.53.05:238][288]LogExit: Transaction tracking system shut down
[2015.04.01-03.53.05:239][288]LogParticles: Destroying 0 GPU particle simulations for FXSystem 0x000000000CFF2B60
[2015.04.01-03.53.05:240][288]LogParticles: Destroying 0 GPU particle simulations for FXSystem 0x00000000164DCAE0
[2015.04.01-03.53.05:341][288]LogExit: Object subsystem successfully closed.
[2015.04.01-03.53.05:383][288]LogModuleManager: Shutting down and abandoning module CrashTracker (177)
[2015.04.01-03.53.05:383][288]LogModuleManager: Shutting down and abandoning module SuperSearch (176)
[2015.04.01-03.53.05:383][288]LogModuleManager: Shutting down and abandoning module SceneOutliner (175)
[2015.04.01-03.53.05:383][288]LogModuleManager: Shutting down and abandoning module EditorWidgets (174)
[2015.04.01-03.53.05:383][288]LogModuleManager: Shutting down and abandoning module CollectionManager (173)
[2015.04.01-03.53.05:384][288]LogModuleManager: Shutting down and abandoning module StatsViewer (172)
[2015.04.01-03.53.05:384][288]LogModuleManager: Shutting down and abandoning module FoliageEdit (171)
[2015.04.01-03.53.05:384][288]LogModuleManager: Shutting down and abandoning module LandscapeEditor (170)
[2015.04.01-03.53.05:384][288]LogModuleManager: Shutting down and abandoning module MeshPaint (169)
[2015.04.01-03.53.05:384][288]LogModuleManager: Shutting down and abandoning module ActorPickerMode (168)
[2015.04.01-03.53.05:384][288]LogModuleManager: Shutting down and abandoning module GeometryMode (167)
[2015.04.01-03.53.05:384][288]LogModuleManager: Shutting down and abandoning module TextureAlignMode (166)
[2015.04.01-03.53.05:384][288]LogModuleManager: Shutting down and abandoning module BspMode (165)
[2015.04.01-03.53.05:384][288]LogModuleManager: Shutting down and abandoning module PlacementMode (164)
[2015.04.01-03.53.05:384][288]LogModuleManager: Shutting down and abandoning module AutomationWorker (163)
[2015.04.01-03.53.05:384][288]LogModuleManager: Shutting down and abandoning module CharacterAI (162)
[2015.04.01-03.53.05:384][288]LogModuleManager: Shutting down and abandoning module SmartSnapping (161)
[2015.04.01-03.53.05:384][288]LogModuleManager: Shutting down and abandoning module ViewportSnapping (160)
[2015.04.01-03.53.05:384][288]LogModuleManager: Shutting down and abandoning module LogVisualizer (159)
[2015.04.01-03.53.05:384][288]LogModuleManager: Shutting down and abandoning module GameProjectGeneration (158)
[2015.04.01-03.53.05:384][288]LogModuleManager: Shutting down and abandoning module IntroTutorials (157)
[2015.04.01-03.53.05:384][288]LogModuleManager: Shutting down and abandoning module EditorLiveStreaming (156)
[2015.04.01-03.53.05:384][288]LogModuleManager: Shutting down and abandoning module HardwareTargeting (155)
[2015.04.01-03.53.05:384][288]LogModuleManager: Shutting down and abandoning module DeviceProfileEditor (154)
[2015.04.01-03.53.05:384][288]LogModuleManager: Shutting down and abandoning module UndoHistory (153)
[2015.04.01-03.53.05:384][288]LogModuleManager: Shutting down and abandoning module GameplayTagsEditor (152)
[2015.04.01-03.53.05:384][288]LogModuleManager: Shutting down and abandoning module UserFeedback (151)
[2015.04.01-03.53.05:384][288]LogModuleManager: Shutting down and abandoning module XmlParser (150)
[2015.04.01-03.53.05:384][288]LogModuleManager: Shutting down and abandoning module Blutility (149)
[2015.04.01-03.53.05:384][288]LogModuleManager: Shutting down and abandoning module IOSPlatformEditor (148)
[2015.04.01-03.53.05:384][288]LogModuleManager: Shutting down and abandoning module IOSRuntimeSettings (147)
[2015.04.01-03.53.05:384][288]LogModuleManager: Shutting down and abandoning module AndroidDeviceDetection (146)
[2015.04.01-03.53.06:052][288]LogModuleManager: Shutting down and abandoning module AndroidPlatformEditor (145)
[2015.04.01-03.53.06:052][288]LogModuleManager: Shutting down and abandoning module AndroidRuntimeSettings (144)
[2015.04.01-03.53.06:052][288]LogModuleManager: Shutting down and abandoning module ProjectTargetPlatformEditor (143)
[2015.04.01-03.53.06:052][288]LogModuleManager: Shutting down and abandoning module ProjectSettingsViewer (142)
[2015.04.01-03.53.06:052][288]LogModuleManager: Shutting down and abandoning module InputBindingEditor (141)
[2015.04.01-03.53.06:052][288]LogModuleManager: Shutting down and abandoning module EditorSettingsViewer (140)
[2015.04.01-03.53.06:052][288]LogModuleManager: Shutting down and abandoning module SettingsEditor (139)
[2015.04.01-03.53.06:052][288]LogModuleManager: Shutting down and abandoning module ProjectLauncher (138)
[2015.04.01-03.53.06:052][288]LogModuleManager: Shutting down and abandoning module SessionFrontend (137)
[2015.04.01-03.53.06:052][288]LogModuleManager: Shutting down and abandoning module ProfilerClient (136)
[2015.04.01-03.53.06:052][288]LogModuleManager: Shutting down and abandoning module TargetDeviceServices (135)
[2015.04.01-03.53.06:052][288]LogModuleManager: Shutting down and abandoning module DeviceManager (134)
[2015.04.01-03.53.06:052][288]LogModuleManager: Shutting down and abandoning module AutomationController (133)
[2015.04.01-03.53.06:052][288]LogModuleManager: Shutting down and abandoning module AutomationWindow (132)
[2015.04.01-03.53.06:052][288]LogModuleManager: Shutting down and abandoning module Layers (131)
[2015.04.01-03.53.06:052][288]LogModuleManager: Shutting down and abandoning module ComponentVisualizers (130)
[2015.04.01-03.53.06:052][288]LogModuleManager: Shutting down and abandoning module DetailCustomizations (129)
[2015.04.01-03.53.06:052][288]LogModuleManager: Shutting down and abandoning module PackagesDialog (128)
[2015.04.01-03.53.06:052][288]LogModuleManager: Shutting down and abandoning module AssetRegistry (127)
[2015.04.01-03.53.06:102][288]LogModuleManager: Shutting down and abandoning module Persona (126)
[2015.04.01-03.53.06:102][288]LogModuleManager: Shutting down and abandoning module SlateReflector (125)
[2015.04.01-03.53.06:102][288]LogModuleManager: Shutting down and abandoning module LevelEditor (124)
[2015.04.01-03.53.06:103][288]LogModuleManager: Shutting down and abandoning module Kismet (123)
[2015.04.01-03.53.06:103][288]LogModuleManager: Shutting down and abandoning module GraphEditor (122)
[2015.04.01-03.53.06:103][288]LogModuleManager: Shutting down and abandoning module ClassViewer (121)
[2015.04.01-03.53.06:103][288]LogModuleManager: Shutting down and abandoning module Toolbox (120)
[2015.04.01-03.53.06:103][288]LogModuleManager: Shutting down and abandoning module ModuleUI (119)
[2015.04.01-03.53.06:103][288]LogModuleManager: Shutting down and abandoning module MovieSceneTools (118)
[2015.04.01-03.53.06:103][288]LogModuleManager: Shutting down and abandoning module OutputLog (117)
[2015.04.01-03.53.06:103][288]LogModuleManager: Shutting down and abandoning module GammaUI (116)
[2015.04.01-03.53.06:103][288]LogModuleManager: Shutting down and abandoning module Documentation (115)
[2015.04.01-03.53.06:103][288]LogModuleManager: Shutting down and abandoning module GameLiveStreaming (114)
[2015.04.01-03.53.06:104][288]LogModuleManager: Shutting down and abandoning module StreamingPauseRendering (113)
[2015.04.01-03.53.06:104][288]LogModuleManager: Shutting down and abandoning module HTTP (112)
[2015.04.01-03.53.06:104][288]LogModuleManager: Shutting down and abandoning module AnalyticsET (111)
[2015.04.01-03.53.06:104][288]LogModuleManager: Shutting down and abandoning module Analytics (110)
[2015.04.01-03.53.06:104][288]LogModuleManager: Shutting down and abandoning module AITestSuite (109)
[2015.04.01-03.53.06:104][288]LogModuleManager: Shutting down and abandoning module GameplayDebugger (108)
[2015.04.01-03.53.06:104][288]LogModuleManager: Shutting down and abandoning module AIModule (107)
[2015.04.01-03.53.06:104][288]LogModuleManager: Shutting down and abandoning module ProfilerService (106)
[2015.04.01-03.53.06:295][288]LogModuleManager: Shutting down and abandoning module TaskGraph (105)
[2015.04.01-03.53.06:295][288]LogModuleManager: Shutting down and abandoning module SlateRemote (104)
[2015.04.01-03.53.06:295][288]LogModuleManager: Shutting down and abandoning module ScriptEditorPlugin (103)
[2015.04.01-03.53.06:295][288]LogModuleManager: Shutting down and abandoning module CustomMeshComponent (102)
[2015.04.01-03.53.06:295][288]LogModuleManager: Shutting down and abandoning module CableComponent (101)
[2015.04.01-03.53.06:295][288]LogModuleManager: Shutting down and abandoning module MessagingDebugger (100)
[2015.04.01-03.53.06:295][288]LogModuleManager: Shutting down and abandoning module MediaPlayerEditor (99)
[2015.04.01-03.53.06:295][288]LogModuleManager: Shutting down and abandoning module SpeedTreeImporter (98)
[2015.04.01-03.53.06:295][288]LogModuleManager: Shutting down and abandoning module PluginsEditor (97)
[2015.04.01-03.53.06:295][288]LogModuleManager: Shutting down and abandoning module MainFrame (96)
[2015.04.01-03.53.06:295][288]LogModuleManager: Shutting down and abandoning module EpicSurvey (95)
[2015.04.01-03.53.06:295][288]LogModuleManager: Shutting down and abandoning module DesktopPlatform (94)
[2015.04.01-03.53.06:295][288]LogModuleManager: Shutting down and abandoning module DirectoryWatcher (93)
[2015.04.01-03.53.06:295][288]LogModuleManager: Shutting down and abandoning module HotReload (92)
[2015.04.01-03.53.06:295][288]LogModuleManager: Shutting down and abandoning module VisualStudioSourceCodeAccess (91)
[2015.04.01-03.53.06:295][288]LogModuleManager: Shutting down and abandoning module UObjectPlugin (90)
[2015.04.01-03.53.06:295][288]LogModuleManager: Shutting down and abandoning module SubversionSourceControl (89)
[2015.04.01-03.53.06:295][288]LogModuleManager: Shutting down and abandoning module PerforceSourceControl (88)
[2015.04.01-03.53.06:295][288]LogModuleManager: Shutting down and abandoning module SourceControl (87)
[2015.04.01-03.53.06:295][288]LogModuleManager: Shutting down and abandoning module GitSourceControl (86)
[2015.04.01-03.53.06:295][288]LogModuleManager: Shutting down and abandoning module BlankPlugin (85)
[2015.04.01-03.53.06:295][288]LogModuleManager: Shutting down and abandoning module PaperTiledImporter (84)
[2015.04.01-03.53.06:295][288]LogModuleManager: Shutting down and abandoning module PaperJsonImporter (83)
[2015.04.01-03.53.06:295][288]LogModuleManager: Shutting down and abandoning module ContentBrowser (82)
[2015.04.01-03.53.06:296][288]LogModuleManager: Shutting down and abandoning module Paper2DEditor (81)
[2015.04.01-03.53.06:296][288]LogModuleManager: Shutting down and abandoning module ScriptPlugin (80)
[2015.04.01-03.53.06:296][288]LogModuleManager: Shutting down and abandoning module UdpMessaging (79)
[2015.04.01-03.53.06:396][288]LogModuleManager: Shutting down and abandoning module Paper2D (78)
[2015.04.01-03.53.06:396][288]LogModuleManager: Shutting down and abandoning module WindowsMoviePlayer (77)
[2015.04.01-03.53.06:398][288]LogModuleManager: Shutting down and abandoning module Media (76)
[2015.04.01-03.53.06:398][288]LogModuleManager: Shutting down and abandoning module WmfMedia (75)
[2015.04.01-03.53.06:398][288]LogModuleManager: Shutting down and abandoning module OnlineBlueprintSupport (74)
[2015.04.01-03.53.06:398][288]LogModuleManager: Shutting down and abandoning module PropertyEditor (73)
[2015.04.01-03.53.06:398][288]LogModuleManager: Shutting down and abandoning module BehaviorTreeEditor (72)
[2015.04.01-03.53.06:398][288]LogModuleManager: Shutting down and abandoning module FunctionalTesting (71)
[2015.04.01-03.53.06:398][288]LogModuleManager: Shutting down and abandoning module CollisionAnalyzer (70)
[2015.04.01-03.53.06:398][288]LogModuleManager: Shutting down and abandoning module WorkspaceMenuStructure (69)
[2015.04.01-03.53.06:398][288]LogModuleManager: Shutting down and abandoning module MessageLog (68)
[2015.04.01-03.53.06:399][288]LogModuleManager: Shutting down and abandoning module Sequencer (67)
[2015.04.01-03.53.06:399][288]LogModuleManager: Shutting down and abandoning module AssetTools (66)
[2015.04.01-03.53.06:399][288]LogModuleManager: Shutting down and abandoning module UMGEditor (65)
[2015.04.01-03.53.06:399][288]LogModuleManager: Shutting down and abandoning module UMG (64)
[2015.04.01-03.53.06:399][288]LogModuleManager: Shutting down and abandoning module Slate (63)
[2015.04.01-03.53.06:399][288]LogModuleManager: Shutting down and abandoning module EditorStyle (62)
[2015.04.01-03.53.06:401][288]LogModuleManager: Shutting down and abandoning module SessionServices (61)
[2015.04.01-03.53.06:401][288]LogModuleManager: Shutting down and abandoning module SourceCodeAccess (60)
[2015.04.01-03.53.06:401][288]LogModuleManager: Shutting down and abandoning module HeadMountedDisplay (59)
[2015.04.01-03.53.06:401][288]LogModuleManager: Shutting down and abandoning module XAudio2 (58)
[2015.04.01-03.53.06:401][288]LogModuleManager: Shutting down and abandoning module Networking (56)
[2015.04.01-03.53.06:401][288]LogModuleManager: Shutting down and abandoning module Core (55)
[2015.04.01-03.53.06:401][288]LogModuleManager: Shutting down and abandoning module KismetCompiler (54)
[2015.04.01-03.53.06:401][288]LogModuleManager: Shutting down and abandoning module PhysXFormats (53)
[2015.04.01-03.53.06:401][288]LogModuleManager: Shutting down and abandoning module MeshUtilities (52)
[2015.04.01-03.53.06:402][288]LogModuleManager: Shutting down and abandoning module DerivedDataCache (51)
[2015.04.01-03.53.06:418][288]LogDerivedDataCache: Shutdown
[2015.04.01-03.53.06:418][288]LogModuleManager: Shutting down and abandoning module ShaderFormatOpenGL (50)
[2015.04.01-03.53.06:418][288]LogModuleManager: Shutting down and abandoning module ShaderFormatD3D (49)
[2015.04.01-03.53.06:418][288]LogModuleManager: Shutting down and abandoning module MetalShaderFormat (48)
[2015.04.01-03.53.06:418][288]LogModuleManager: Shutting down and abandoning module TextureFormatUncompressed (47)
[2015.04.01-03.53.06:418][288]LogModuleManager: Shutting down and abandoning module TextureFormatPVR (46)
[2015.04.01-03.53.06:418][288]LogModuleManager: Shutting down and abandoning module TextureFormatIntelISPCTexComp (45)
[2015.04.01-03.53.06:418][288]LogModuleManager: Shutting down and abandoning module TextureFormatDXT (44)
[2015.04.01-03.53.06:418][288]LogModuleManager: Shutting down and abandoning module ImageWrapper (43)
[2015.04.01-03.53.06:418][288]LogModuleManager: Shutting down and abandoning module TextureFormatASTC (42)
[2015.04.01-03.53.06:418][288]LogModuleManager: Shutting down and abandoning module TextureFormatAndroid (41)
[2015.04.01-03.53.06:418][288]LogModuleManager: Shutting down and abandoning module AudioFormatOpus (40)
[2015.04.01-03.53.06:418][288]LogModuleManager: Shutting down and abandoning module AudioFormatOgg (39)
[2015.04.01-03.53.06:418][288]LogModuleManager: Shutting down and abandoning module AudioFormatADPCM (38)
[2015.04.01-03.53.06:418][288]LogModuleManager: Shutting down and abandoning module LinuxTargetPlatform (37)
[2015.04.01-03.53.06:418][288]LogModuleManager: Shutting down and abandoning module LinuxServerTargetPlatform (36)
[2015.04.01-03.53.06:418][288]LogModuleManager: Shutting down and abandoning module LinuxNoEditorTargetPlatform (35)
[2015.04.01-03.53.06:418][288]LogModuleManager: Shutting down and abandoning module Messaging (34)
[2015.04.01-03.53.06:418][288]LogModuleManager: Shutting down and abandoning module IOSTargetPlatform (33)
[2015.04.01-03.53.06:418][288]LogModuleManager: Shutting down and abandoning module HTML5TargetPlatform (32)
[2015.04.01-03.53.06:418][288]LogModuleManager: Shutting down and abandoning module Android_PVRTCTargetPlatform (31)
[2015.04.01-03.53.06:418][288]LogModuleManager: Shutting down and abandoning module Android_ETC2TargetPlatform (30)
[2015.04.01-03.53.06:418][288]LogModuleManager: Shutting down and abandoning module Android_ETC1TargetPlatform (29)
[2015.04.01-03.53.06:418][288]LogModuleManager: Shutting down and abandoning module Android_ES31TargetPlatform (28)
[2015.04.01-03.53.06:418][288]LogModuleManager: Shutting down and abandoning module Android_DXTTargetPlatform (27)
[2015.04.01-03.53.06:418][288]LogModuleManager: Shutting down and abandoning module Android_ATCTargetPlatform (26)
[2015.04.01-03.53.06:418][288]LogModuleManager: Shutting down and abandoning module AndroidTargetPlatform (25)
[2015.04.01-03.53.06:418][288]LogModuleManager: Shutting down and abandoning module WindowsTargetPlatform (24)
[2015.04.01-03.53.06:418][288]LogModuleManager: Shutting down and abandoning module WindowsServerTargetPlatform (23)
[2015.04.01-03.53.06:418][288]LogModuleManager: Shutting down and abandoning module WindowsNoEditorTargetPlatform (22)
[2015.04.01-03.53.06:418][288]LogModuleManager: Shutting down and abandoning module WindowsClientTargetPlatform (21)
[2015.04.01-03.53.06:418][288]LogModuleManager: Shutting down and abandoning module TargetPlatform (20)
[2015.04.01-03.53.06:418][288]LogModuleManager: Shutting down and abandoning module InputCore (19)
[2015.04.01-03.53.06:418][288]LogModuleManager: Shutting down and abandoning module Settings (18)
[2015.04.01-03.53.06:418][288]LogModuleManager: Shutting down and abandoning module OnlineSubsystem (16)
[2015.04.01-03.53.06:418][288]LogModuleManager: Shutting down and abandoning module OculusRift (15)
[2015.04.01-03.53.06:418][288]LogModuleManager: Shutting down and abandoning module ExampleDeviceProfileSelector (14)
[2015.04.01-03.53.06:418][288]LogModuleManager: Shutting down and abandoning module TextureCompressor (13)
[2015.04.01-03.53.06:418][288]LogModuleManager: Shutting down and abandoning module ShaderCore (12)
[2015.04.01-03.53.06:418][288]LogModuleManager: Shutting down and abandoning module Landscape (11)
[2015.04.01-03.53.06:418][288]LogModuleManager: Shutting down and abandoning module SlateRHIRenderer (10)
[2015.04.01-03.53.06:419][288]LogModuleManager: Shutting down and abandoning module OpenGLDrv (9)
[2015.04.01-03.53.06:419][288]LogModuleManager: Shutting down and abandoning module D3D11RHI (8)
[2015.04.01-03.53.06:419][288]LogModuleManager: Shutting down and abandoning module Renderer (7)
[2015.04.01-03.53.06:419][288]LogModuleManager: Shutting down and abandoning module Engine (6)
[2015.04.01-03.53.06:419][288]LogModuleManager: Shutting down and abandoning module CoreUObject (5)
[2015.04.01-03.53.06:419][288]LogModuleManager: Shutting down and abandoning module NetworkFile (4)
[2015.04.01-03.53.06:419][288]LogModuleManager: Shutting down and abandoning module StreamingFile (3)
[2015.04.01-03.53.06:419][288]LogModuleManager: Shutting down and abandoning module SandboxFile (2)
[2015.04.01-03.53.06:419][288]LogModuleManager: Shutting down and abandoning module PakFile (1)
[2015.04.01-03.53.06:419][288]LogExit: Exiting.
[2015.04.01-03.53.06:423][288]Log file closed, 04/01/15 00:53:06
